2025-04-28 16:11:21,875 - Thread 2112 - INFO - Logging initialized
2025-04-28 16:11:23,913 - Thread 2112 - INFO - TLS 1.3 Handshake completed in 0.002974 seconds
2025-04-28 16:11:23,914 - Thread 2112 - INFO - Key Exchange Phase for Client 1 completed in 0.000996 seconds
2025-04-28 16:11:23,915 - Thread 2112 - INFO - Hybrid Key Generation Phase for Client 1 completed in 0.000000 seconds
2025-04-28 16:11:23,924 - Thread 2112 - INFO - Message Decryption for Client 1 completed in 0.000000 seconds
2025-04-28 16:11:23,930 - Thread 2112 - INFO - Hybrid Signing Verification for Client 1 completed in 0.006553 seconds
2025-04-28 16:11:23,930 - Thread 2112 - INFO - Message received from Server is b'Send File Header'
2025-04-28 16:11:23,930 - Thread 2112 - INFO - File Header Requested form Server
2025-04-28 16:11:23,931 - Thread 2112 - INFO - Waiting for files in client-side/uploads/...
2025-04-28 16:11:23,931 - Thread 2112 - INFO - New file detected: 1745409804-g2.png with size 3289878
2025-04-28 16:11:24,743 - Thread 2112 - INFO - Total Signing Time for Message: 0.442805 seconds
2025-04-28 16:11:24,743 - Thread 2112 - INFO - Total Encryption Time for Message: 0.080386 seconds
2025-04-28 16:11:24,743 - Thread 2112 - INFO - Total Sent Time for Message: 0.122315 seconds
2025-04-28 16:11:24,747 - Thread 2112 - INFO - File client-side/uploads/1745409804-g2.png sent and deleted.
2025-04-28 16:11:24,747 - Thread 2112 - INFO - Message Decryption for Client 1 completed in 0.000521 seconds
2025-04-28 16:11:24,747 - Thread 2112 - INFO - Hybrid Signing Verification for Client 1 completed in 0.000000 seconds
2025-04-28 16:11:24,747 - Thread 2112 - INFO - Message received from Server is b'Send File Header'
2025-04-28 16:11:24,747 - Thread 2112 - INFO - File Header Requested form Server
2025-04-28 16:11:24,747 - Thread 2112 - INFO - Waiting for files in client-side/uploads/...
2025-04-28 16:11:24,747 - Thread 2112 - INFO - New file detected: 1745409834-g3.png with size 3757918
2025-04-28 16:11:25,693 - Thread 2112 - INFO - Total Signing Time for Message: 0.507565 seconds
2025-04-28 16:11:25,693 - Thread 2112 - INFO - Total Encryption Time for Message: 0.103251 seconds
2025-04-28 16:11:25,693 - Thread 2112 - INFO - Total Sent Time for Message: 0.142514 seconds
2025-04-28 16:11:25,697 - Thread 2112 - INFO - File client-side/uploads/1745409834-g3.png sent and deleted.
2025-04-28 16:11:25,697 - Thread 2112 - INFO - Message Decryption for Client 1 completed in 0.000000 seconds
2025-04-28 16:11:25,697 - Thread 2112 - INFO - Hybrid Signing Verification for Client 1 completed in 0.000000 seconds
2025-04-28 16:11:25,697 - Thread 2112 - INFO - Message received from Server is b'Send File Header'
2025-04-28 16:11:25,697 - Thread 2112 - INFO - File Header Requested form Server
2025-04-28 16:11:25,697 - Thread 2112 - INFO - Waiting for files in client-side/uploads/...
2025-04-28 16:11:25,698 - Thread 2112 - INFO - New file detected: 1745409859-g4.png with size 3645740
2025-04-28 16:11:26,603 - Thread 2112 - INFO - Total Signing Time for Message: 0.504555 seconds
2025-04-28 16:11:26,603 - Thread 2112 - INFO - Total Encryption Time for Message: 0.117961 seconds
2025-04-28 16:11:26,603 - Thread 2112 - INFO - Total Sent Time for Message: 0.136426 seconds
2025-04-28 16:11:26,610 - Thread 2112 - INFO - File client-side/uploads/1745409859-g4.png sent and deleted.
2025-04-28 16:11:26,610 - Thread 2112 - INFO - Message Decryption for Client 1 completed in 0.000000 seconds
2025-04-28 16:11:26,611 - Thread 2112 - INFO - Hybrid Signing Verification for Client 1 completed in 0.000998 seconds
2025-04-28 16:11:26,611 - Thread 2112 - INFO - Message received from Server is b'Send File Header'
2025-04-28 16:11:26,611 - Thread 2112 - INFO - File Header Requested form Server
2025-04-28 16:11:26,611 - Thread 2112 - INFO - Waiting for files in client-side/uploads/...
2025-04-28 16:11:41,619 - Thread 2112 - INFO - New file detected: MainCamera_Flight_1745409751.avi with size 27792942
2025-04-28 16:11:47,450 - Thread 2112 - INFO - Total Signing Time for Message: 3.224234 seconds
2025-04-28 16:11:47,450 - Thread 2112 - INFO - Total Encryption Time for Message: 0.680279 seconds
2025-04-28 16:11:47,450 - Thread 2112 - INFO - Total Sent Time for Message: 0.872525 seconds
2025-04-28 16:11:47,456 - Thread 2112 - INFO - File client-side/uploads/MainCamera_Flight_1745409751.avi sent and deleted.
2025-04-28 16:11:47,457 - Thread 2112 - INFO - Message Decryption for Client 1 completed in 0.000000 seconds
2025-04-28 16:11:47,457 - Thread 2112 - INFO - Hybrid Signing Verification for Client 1 completed in 0.000000 seconds
2025-04-28 16:11:47,457 - Thread 2112 - INFO - Message received from Server is b'Send File Header'
2025-04-28 16:11:47,457 - Thread 2112 - INFO - File Header Requested form Server
2025-04-28 16:11:47,457 - Thread 2112 - INFO - Waiting for files in client-side/uploads/...
2025-04-28 16:22:52,381 - Thread 12852 - INFO - Logging initialized
2025-04-28 16:22:54,441 - Thread 12852 - INFO - TLS 1.3 Handshake completed in 0.003724 seconds
2025-04-28 16:22:54,443 - Thread 12852 - INFO - Key Exchange Phase for Client 1 completed in 0.001064 seconds
2025-04-28 16:22:54,443 - Thread 12852 - INFO - Hybrid Key Generation Phase for Client 1 completed in 0.000636 seconds
2025-04-28 16:22:54,455 - Thread 12852 - INFO - Message Decryption for Client 1 completed in 0.000282 seconds
2025-04-28 16:22:54,463 - Thread 12852 - INFO - Hybrid Signing Verification for Client 1 completed in 0.008486 seconds
2025-04-28 16:22:54,464 - Thread 12852 - INFO - Message received from Server is b'Send File Header'
2025-04-28 16:22:54,464 - Thread 12852 - INFO - File Header Requested form Server
2025-04-28 16:22:54,464 - Thread 12852 - INFO - Waiting for files in client-side/uploads/...
2025-04-28 16:23:09,489 - Thread 12852 - INFO - New file detected: 1745409804-g2.png with size 3289878
2025-04-28 16:23:10,102 - Thread 12852 - INFO - Total Signing Time for Message: 0.336805 seconds
2025-04-28 16:23:10,102 - Thread 12852 - INFO - Total Encryption Time for Message: 0.072740 seconds
2025-04-28 16:23:10,102 - Thread 12852 - INFO - Total Sent Time for Message: 0.091489 seconds
2025-04-28 16:23:10,106 - Thread 12852 - INFO - File client-side/uploads/1745409804-g2.png sent and deleted.
2025-04-28 16:23:10,107 - Thread 12852 - INFO - Message Decryption for Client 1 completed in 0.000142 seconds
2025-04-28 16:23:10,107 - Thread 12852 - INFO - Hybrid Signing Verification for Client 1 completed in 0.000367 seconds
2025-04-28 16:23:10,107 - Thread 12852 - INFO - Message received from Server is b'Send File Header'
2025-04-28 16:23:10,107 - Thread 12852 - INFO - File Header Requested form Server
2025-04-28 16:23:10,107 - Thread 12852 - INFO - Waiting for files in client-side/uploads/...
2025-04-28 16:23:10,108 - Thread 12852 - INFO - New file detected: 1745409834-g3.png with size 3757918
2025-04-28 16:23:10,925 - Thread 12852 - INFO - Total Signing Time for Message: 0.454582 seconds
2025-04-28 16:23:10,925 - Thread 12852 - INFO - Total Encryption Time for Message: 0.097222 seconds
2025-04-28 16:23:10,925 - Thread 12852 - INFO - Total Sent Time for Message: 0.122571 seconds
2025-04-28 16:23:10,928 - Thread 12852 - INFO - File client-side/uploads/1745409834-g3.png sent and deleted.
2025-04-28 16:23:10,929 - Thread 12852 - INFO - Message Decryption for Client 1 completed in 0.000116 seconds
2025-04-28 16:23:10,929 - Thread 12852 - INFO - Hybrid Signing Verification for Client 1 completed in 0.000220 seconds
2025-04-28 16:23:10,929 - Thread 12852 - INFO - Message received from Server is b'Send File Header'
2025-04-28 16:23:10,929 - Thread 12852 - INFO - File Header Requested form Server
2025-04-28 16:23:10,929 - Thread 12852 - INFO - Waiting for files in client-side/uploads/...
2025-04-28 16:23:10,929 - Thread 12852 - INFO - New file detected: 1745409859-g4.png with size 3645740
2025-04-28 16:23:11,638 - Thread 12852 - INFO - Total Signing Time for Message: 0.397972 seconds
2025-04-28 16:23:11,638 - Thread 12852 - INFO - Total Encryption Time for Message: 0.081612 seconds
2025-04-28 16:23:11,638 - Thread 12852 - INFO - Total Sent Time for Message: 0.105247 seconds
2025-04-28 16:23:11,641 - Thread 12852 - INFO - File client-side/uploads/1745409859-g4.png sent and deleted.
2025-04-28 16:23:11,642 - Thread 12852 - INFO - Message Decryption for Client 1 completed in 0.000093 seconds
2025-04-28 16:23:11,642 - Thread 12852 - INFO - Hybrid Signing Verification for Client 1 completed in 0.000216 seconds
2025-04-28 16:23:11,642 - Thread 12852 - INFO - Message received from Server is b'Send File Header'
2025-04-28 16:23:11,642 - Thread 12852 - INFO - File Header Requested form Server
2025-04-28 16:23:11,642 - Thread 12852 - INFO - Waiting for files in client-side/uploads/...
2025-04-28 16:23:26,663 - Thread 12852 - INFO - New file detected: MainCamera_Flight_1745409751.avi with size 27792942
2025-04-28 16:23:31,836 - Thread 12852 - INFO - Total Signing Time for Message: 2.920903 seconds
2025-04-28 16:23:31,836 - Thread 12852 - INFO - Total Encryption Time for Message: 0.593578 seconds
2025-04-28 16:23:31,837 - Thread 12852 - INFO - Total Sent Time for Message: 0.770994 seconds
2025-04-28 16:23:31,842 - Thread 12852 - INFO - File client-side/uploads/MainCamera_Flight_1745409751.avi sent and deleted.
2025-04-28 16:23:31,842 - Thread 12852 - INFO - Message Decryption for Client 1 completed in 0.000104 seconds
2025-04-28 16:23:31,843 - Thread 12852 - INFO - Hybrid Signing Verification for Client 1 completed in 0.000229 seconds
2025-04-28 16:23:31,843 - Thread 12852 - INFO - Message received from Server is b'Send File Header'
2025-04-28 16:23:31,843 - Thread 12852 - INFO - File Header Requested form Server
2025-04-28 16:23:31,843 - Thread 12852 - INFO - Waiting for files in client-side/uploads/...
2025-04-28 16:27:13,283 - Thread 15184 - INFO - Logging initialized
2025-04-28 16:27:15,351 - Thread 15184 - INFO - TLS 1.3 Handshake completed in 0.003623 seconds
2025-04-28 16:27:15,352 - Thread 15184 - INFO - Key Exchange Phase for Client 1 completed in 0.000750 seconds
2025-04-28 16:27:15,352 - Thread 15184 - INFO - Hybrid Key Generation Phase for Client 1 completed in 0.000531 seconds
2025-04-28 16:27:15,365 - Thread 15184 - INFO - Message Decryption for Client 1 completed in 0.000228 seconds
2025-04-28 16:27:15,373 - Thread 15184 - INFO - Hybrid Signing Verification for Client 1 completed in 0.007921 seconds
2025-04-28 16:27:15,373 - Thread 15184 - INFO - Message received from Server is b'Send File Header'
2025-04-28 16:27:15,373 - Thread 15184 - INFO - File Header Requested form Server
2025-04-28 16:27:15,373 - Thread 15184 - INFO - Waiting for files in client-side/uploads/...
2025-04-28 16:27:25,382 - Thread 15184 - INFO - New file detected: 1745409804-g2.png with size 3289878
2025-04-28 16:27:26,040 - Thread 15184 - INFO - Total Signing Time for Message: 0.366991 seconds
2025-04-28 16:27:26,040 - Thread 15184 - INFO - Total Encryption Time for Message: 0.077129 seconds
2025-04-28 16:27:26,040 - Thread 15184 - INFO - Total Sent Time for Message: 0.097773 seconds
2025-04-28 16:27:26,043 - Thread 15184 - INFO - File client-side/uploads/1745409804-g2.png sent and deleted.
2025-04-28 16:27:26,043 - Thread 15184 - INFO - Message Decryption for Client 1 completed in 0.000092 seconds
2025-04-28 16:27:26,043 - Thread 15184 - INFO - Hybrid Signing Verification for Client 1 completed in 0.000217 seconds
2025-04-28 16:27:26,043 - Thread 15184 - INFO - Message received from Server is b'Send File Header'
2025-04-28 16:27:26,043 - Thread 15184 - INFO - File Header Requested form Server
2025-04-28 16:27:26,043 - Thread 15184 - INFO - Waiting for files in client-side/uploads/...
2025-04-28 16:27:26,044 - Thread 15184 - INFO - New file detected: 1745409834-g3.png with size 3757918
2025-04-28 16:27:26,784 - Thread 15184 - INFO - Total Signing Time for Message: 0.412131 seconds
2025-04-28 16:27:26,784 - Thread 15184 - INFO - Total Encryption Time for Message: 0.086974 seconds
2025-04-28 16:27:26,784 - Thread 15184 - INFO - Total Sent Time for Message: 0.111461 seconds
2025-04-28 16:27:26,787 - Thread 15184 - INFO - File client-side/uploads/1745409834-g3.png sent and deleted.
2025-04-28 16:27:26,788 - Thread 15184 - INFO - Message Decryption for Client 1 completed in 0.000165 seconds
2025-04-28 16:27:26,788 - Thread 15184 - INFO - Hybrid Signing Verification for Client 1 completed in 0.000221 seconds
2025-04-28 16:27:26,788 - Thread 15184 - INFO - Message received from Server is b'Send File Header'
2025-04-28 16:27:26,788 - Thread 15184 - INFO - File Header Requested form Server
2025-04-28 16:27:26,788 - Thread 15184 - INFO - Waiting for files in client-side/uploads/...
2025-04-28 16:27:26,788 - Thread 15184 - INFO - New file detected: 1745409859-g4.png with size 3645740
2025-04-28 16:27:27,514 - Thread 15184 - INFO - Total Signing Time for Message: 0.409473 seconds
2025-04-28 16:27:27,514 - Thread 15184 - INFO - Total Encryption Time for Message: 0.083633 seconds
2025-04-28 16:27:27,514 - Thread 15184 - INFO - Total Sent Time for Message: 0.107672 seconds
2025-04-28 16:27:27,517 - Thread 15184 - INFO - File client-side/uploads/1745409859-g4.png sent and deleted.
2025-04-28 16:27:27,517 - Thread 15184 - INFO - Message Decryption for Client 1 completed in 0.000092 seconds
2025-04-28 16:27:27,517 - Thread 15184 - INFO - Hybrid Signing Verification for Client 1 completed in 0.000217 seconds
2025-04-28 16:27:27,517 - Thread 15184 - INFO - Message received from Server is b'Send File Header'
2025-04-28 16:27:27,517 - Thread 15184 - INFO - File Header Requested form Server
2025-04-28 16:27:27,517 - Thread 15184 - INFO - Waiting for files in client-side/uploads/...
2025-04-28 16:27:37,546 - Thread 15184 - INFO - New file detected: MainCamera_Flight_1745409751.avi with size 27792942
2025-04-28 16:27:43,015 - Thread 15184 - INFO - Total Signing Time for Message: 3.078849 seconds
2025-04-28 16:27:43,015 - Thread 15184 - INFO - Total Encryption Time for Message: 0.637010 seconds
2025-04-28 16:27:43,015 - Thread 15184 - INFO - Total Sent Time for Message: 0.826422 seconds
2025-04-28 16:27:43,020 - Thread 15184 - INFO - File client-side/uploads/MainCamera_Flight_1745409751.avi sent and deleted.
2025-04-28 16:27:43,020 - Thread 15184 - INFO - Message Decryption for Client 1 completed in 0.000100 seconds
2025-04-28 16:27:43,021 - Thread 15184 - INFO - Hybrid Signing Verification for Client 1 completed in 0.000234 seconds
2025-04-28 16:27:43,021 - Thread 15184 - INFO - Message received from Server is b'Send File Header'
2025-04-28 16:27:43,021 - Thread 15184 - INFO - File Header Requested form Server
2025-04-28 16:27:43,021 - Thread 15184 - INFO - Waiting for files in client-side/uploads/...
2025-05-15 11:33:10,263 - Thread 3844 - INFO - Logging initialized
2025-05-15 11:33:12,349 - Thread 3844 - INFO - TLS 1.3 Handshake completed in 0.006459 seconds
2025-05-15 11:33:12,353 - Thread 3844 - INFO - Key Exchange Phase for Client 1 completed in 0.003582 seconds
2025-05-15 11:33:12,357 - Thread 3844 - INFO - Hybrid Key Generation Phase for Client 1 completed in 0.004018 seconds
2025-05-15 11:33:12,376 - Thread 3844 - INFO - Message Decryption for Client 1 completed in 0.000941 seconds
2025-05-15 11:33:12,383 - Thread 3844 - INFO - Hybrid Signing Verification for Client 1 completed in 0.006752 seconds
2025-05-15 11:33:12,383 - Thread 3844 - INFO - Message received from Server is b'Send File Header'
2025-05-15 11:33:12,383 - Thread 3844 - INFO - File Header Requested form Server
2025-05-15 11:33:12,383 - Thread 3844 - INFO - Waiting for files in client-side/uploads/...
2025-05-15 11:33:37,428 - Thread 3844 - INFO - New file detected: 1745917627-g2.png with size 4096359
2025-05-15 11:33:38,226 - Thread 3844 - INFO - Total Signing Time for Message: 0.405714 seconds
2025-05-15 11:33:38,226 - Thread 3844 - INFO - Total Encryption Time for Message: 0.089003 seconds
2025-05-15 11:33:38,226 - Thread 3844 - INFO - Total Sent Time for Message: 0.178104 seconds
2025-05-15 11:33:38,226 - Thread 3844 - INFO - File client-side/uploads/1745917627-g2.png sent and deleted.
2025-05-15 11:33:38,226 - Thread 3844 - INFO - Message Decryption for Client 1 completed in 0.000089 seconds
2025-05-15 11:33:38,226 - Thread 3844 - INFO - Hybrid Signing Verification for Client 1 completed in 0.000209 seconds
2025-05-15 11:33:38,226 - Thread 3844 - INFO - Message received from Server is b'Send File Header'
2025-05-15 11:33:38,226 - Thread 3844 - INFO - File Header Requested form Server
2025-05-15 11:33:38,226 - Thread 3844 - INFO - Waiting for files in client-side/uploads/...
2025-05-15 11:33:38,226 - Thread 3844 - INFO - New file detected: 1745917652-g3.png with size 4301260
2025-05-15 11:33:39,101 - Thread 3844 - INFO - Total Signing Time for Message: 0.448124 seconds
2025-05-15 11:33:39,101 - Thread 3844 - INFO - Total Encryption Time for Message: 0.096515 seconds
2025-05-15 11:33:39,101 - Thread 3844 - INFO - Total Sent Time for Message: 0.195597 seconds
2025-05-15 11:33:39,101 - Thread 3844 - INFO - File client-side/uploads/1745917652-g3.png sent and deleted.
2025-05-15 11:33:39,101 - Thread 3844 - INFO - Message Decryption for Client 1 completed in 0.000100 seconds
2025-05-15 11:33:39,101 - Thread 3844 - INFO - Hybrid Signing Verification for Client 1 completed in 0.000218 seconds
2025-05-15 11:33:39,101 - Thread 3844 - INFO - Message received from Server is b'Send File Header'
2025-05-15 11:33:39,101 - Thread 3844 - INFO - File Header Requested form Server
2025-05-15 11:33:39,101 - Thread 3844 - INFO - Waiting for files in client-side/uploads/...
2025-05-15 11:33:39,101 - Thread 3844 - INFO - New file detected: 1745917677-g4.png with size 4095103
2025-05-15 11:33:39,883 - Thread 3844 - INFO - Total Signing Time for Message: 0.398438 seconds
2025-05-15 11:33:39,883 - Thread 3844 - INFO - Total Encryption Time for Message: 0.086696 seconds
2025-05-15 11:33:39,883 - Thread 3844 - INFO - Total Sent Time for Message: 0.178891 seconds
2025-05-15 11:33:39,898 - Thread 3844 - INFO - File client-side/uploads/1745917677-g4.png sent and deleted.
2025-05-15 11:33:39,898 - Thread 3844 - INFO - Message Decryption for Client 1 completed in 0.000098 seconds
2025-05-15 11:33:39,898 - Thread 3844 - INFO - Hybrid Signing Verification for Client 1 completed in 0.000225 seconds
2025-05-15 11:33:39,898 - Thread 3844 - INFO - Message received from Server is b'Send File Header'
2025-05-15 11:33:39,898 - Thread 3844 - INFO - File Header Requested form Server
2025-05-15 11:33:39,898 - Thread 3844 - INFO - Waiting for files in client-side/uploads/...
2025-05-15 11:34:34,297 - Thread 2380 - INFO - Logging initialized
2025-05-15 11:34:36,357 - Thread 2380 - INFO - TLS 1.3 Handshake completed in 0.003170 seconds
2025-05-15 11:34:36,358 - Thread 2380 - INFO - Key Exchange Phase for Client 1 completed in 0.000824 seconds
2025-05-15 11:34:36,359 - Thread 2380 - INFO - Hybrid Key Generation Phase for Client 1 completed in 0.000794 seconds
2025-05-15 11:34:36,367 - Thread 2380 - INFO - Message Decryption for Client 1 completed in 0.000248 seconds
2025-05-15 11:34:36,374 - Thread 2380 - INFO - Hybrid Signing Verification for Client 1 completed in 0.006833 seconds
2025-05-15 11:34:36,375 - Thread 2380 - INFO - Message received from Server is b'Send File Header'
2025-05-15 11:34:36,375 - Thread 2380 - INFO - File Header Requested form Server
2025-05-15 11:34:36,375 - Thread 2380 - INFO - Waiting for files in client-side/uploads/...
2025-05-15 11:34:46,385 - Thread 2380 - INFO - New file detected: 1745917627-g2.png with size 4096359
2025-05-15 11:34:47,189 - Thread 2380 - INFO - Total Signing Time for Message: 0.404582 seconds
2025-05-15 11:34:47,189 - Thread 2380 - INFO - Total Encryption Time for Message: 0.089505 seconds
2025-05-15 11:34:47,189 - Thread 2380 - INFO - Total Sent Time for Message: 0.180167 seconds
2025-05-15 11:34:47,190 - Thread 2380 - INFO - File client-side/uploads/1745917627-g2.png sent and deleted.
2025-05-15 11:34:47,191 - Thread 2380 - INFO - Message Decryption for Client 1 completed in 0.000086 seconds
2025-05-15 11:34:47,191 - Thread 2380 - INFO - Hybrid Signing Verification for Client 1 completed in 0.000207 seconds
2025-05-15 11:34:47,191 - Thread 2380 - INFO - Message received from Server is b'Send File Header'
2025-05-15 11:34:47,191 - Thread 2380 - INFO - File Header Requested form Server
2025-05-15 11:34:47,191 - Thread 2380 - INFO - Waiting for files in client-side/uploads/...
2025-05-15 11:34:47,192 - Thread 2380 - INFO - New file detected: 1745917652-g3.png with size 4301260
2025-05-15 11:34:48,067 - Thread 2380 - INFO - Total Signing Time for Message: 0.444940 seconds
2025-05-15 11:34:48,067 - Thread 2380 - INFO - Total Encryption Time for Message: 0.097140 seconds
2025-05-15 11:34:48,067 - Thread 2380 - INFO - Total Sent Time for Message: 0.196265 seconds
2025-05-15 11:34:48,071 - Thread 2380 - INFO - File client-side/uploads/1745917652-g3.png sent and deleted.
2025-05-15 11:34:48,071 - Thread 2380 - INFO - Message Decryption for Client 1 completed in 0.000127 seconds
2025-05-15 11:34:48,071 - Thread 2380 - INFO - Hybrid Signing Verification for Client 1 completed in 0.000249 seconds
2025-05-15 11:34:48,071 - Thread 2380 - INFO - Message received from Server is b'Send File Header'
2025-05-15 11:34:48,072 - Thread 2380 - INFO - File Header Requested form Server
2025-05-15 11:34:48,072 - Thread 2380 - INFO - Waiting for files in client-side/uploads/...
2025-05-15 11:34:48,072 - Thread 2380 - INFO - New file detected: 1745917677-g4.png with size 4095103
2025-05-15 11:34:48,886 - Thread 2380 - INFO - Total Signing Time for Message: 0.418621 seconds
2025-05-15 11:34:48,886 - Thread 2380 - INFO - Total Encryption Time for Message: 0.087727 seconds
2025-05-15 11:34:48,886 - Thread 2380 - INFO - Total Sent Time for Message: 0.181158 seconds
2025-05-15 11:34:48,893 - Thread 2380 - INFO - File client-side/uploads/1745917677-g4.png sent and deleted.
2025-05-15 11:34:48,894 - Thread 2380 - INFO - Message Decryption for Client 1 completed in 0.000138 seconds
2025-05-15 11:34:48,894 - Thread 2380 - INFO - Hybrid Signing Verification for Client 1 completed in 0.000364 seconds
2025-05-15 11:34:48,894 - Thread 2380 - INFO - Message received from Server is b'Send File Header'
2025-05-15 11:34:48,894 - Thread 2380 - INFO - File Header Requested form Server
2025-05-15 11:34:48,895 - Thread 2380 - INFO - Waiting for files in client-side/uploads/...
2025-05-15 12:15:19,796 - Thread 4036 - INFO - Logging initialized
2025-05-15 12:15:21,868 - Thread 4036 - INFO - TLS 1.3 Handshake completed in 0.006957 seconds
2025-05-15 12:15:21,869 - Thread 4036 - INFO - Key Exchange Phase for Client 1 completed in 0.000848 seconds
2025-05-15 12:15:21,870 - Thread 4036 - INFO - Hybrid Key Generation Phase for Client 1 completed in 0.000578 seconds
2025-05-15 12:15:21,878 - Thread 4036 - INFO - Message Decryption for Client 1 completed in 0.000226 seconds
2025-05-15 12:15:21,885 - Thread 4036 - INFO - Hybrid Signing Verification for Client 1 completed in 0.006537 seconds
2025-05-15 12:15:21,885 - Thread 4036 - INFO - Message received from Server is b'Send File Header'
2025-05-15 12:15:21,885 - Thread 4036 - INFO - File Header Requested form Server
2025-05-15 12:15:21,885 - Thread 4036 - INFO - Waiting for files in client-side/uploads/...
2025-05-15 12:15:21,885 - Thread 4036 - INFO - New file detected: 1745917627-g2.png with size 4096359
2025-05-15 12:15:22,700 - Thread 4036 - INFO - Total Signing Time for Message: 0.412703 seconds
2025-05-15 12:15:22,700 - Thread 4036 - INFO - Total Encryption Time for Message: 0.092560 seconds
2025-05-15 12:15:22,700 - Thread 4036 - INFO - Total Sent Time for Message: 0.181766 seconds
2025-05-15 12:15:22,704 - Thread 4036 - INFO - File client-side/uploads/1745917627-g2.png sent and deleted.
2025-05-15 12:15:22,704 - Thread 4036 - INFO - Message Decryption for Client 1 completed in 0.000106 seconds
2025-05-15 12:15:22,704 - Thread 4036 - INFO - Hybrid Signing Verification for Client 1 completed in 0.000225 seconds
2025-05-15 12:15:22,704 - Thread 4036 - INFO - Message received from Server is b'Send File Header'
2025-05-15 12:15:22,705 - Thread 4036 - INFO - File Header Requested form Server
2025-05-15 12:15:22,705 - Thread 4036 - INFO - Waiting for files in client-side/uploads/...
2025-05-15 12:15:22,705 - Thread 4036 - INFO - New file detected: 1745917652-g3.png with size 4301260
2025-05-15 12:15:23,682 - Thread 4036 - INFO - Total Signing Time for Message: 0.498580 seconds
2025-05-15 12:15:23,682 - Thread 4036 - INFO - Total Encryption Time for Message: 0.113097 seconds
2025-05-15 12:15:23,682 - Thread 4036 - INFO - Total Sent Time for Message: 0.216106 seconds
2025-05-15 12:15:23,686 - Thread 4036 - INFO - File client-side/uploads/1745917652-g3.png sent and deleted.
2025-05-15 12:15:23,686 - Thread 4036 - INFO - Message Decryption for Client 1 completed in 0.000110 seconds
2025-05-15 12:15:23,686 - Thread 4036 - INFO - Hybrid Signing Verification for Client 1 completed in 0.000223 seconds
2025-05-15 12:15:23,686 - Thread 4036 - INFO - Message received from Server is b'Send File Header'
2025-05-15 12:15:23,686 - Thread 4036 - INFO - File Header Requested form Server
2025-05-15 12:15:23,686 - Thread 4036 - INFO - Waiting for files in client-side/uploads/...
2025-05-15 12:15:23,687 - Thread 4036 - INFO - New file detected: 1745917677-g4.png with size 4095103
2025-05-15 12:15:24,589 - Thread 4036 - INFO - Total Signing Time for Message: 0.460362 seconds
2025-05-15 12:15:24,589 - Thread 4036 - INFO - Total Encryption Time for Message: 0.104458 seconds
2025-05-15 12:15:24,589 - Thread 4036 - INFO - Total Sent Time for Message: 0.203008 seconds
2025-05-15 12:15:24,594 - Thread 4036 - INFO - File client-side/uploads/1745917677-g4.png sent and deleted.
2025-05-15 12:15:24,594 - Thread 4036 - INFO - Message Decryption for Client 1 completed in 0.000107 seconds
2025-05-15 12:15:24,594 - Thread 4036 - INFO - Hybrid Signing Verification for Client 1 completed in 0.000227 seconds
2025-05-15 12:15:24,594 - Thread 4036 - INFO - Message received from Server is b'Send File Header'
2025-05-15 12:15:24,594 - Thread 4036 - INFO - File Header Requested form Server
2025-05-15 12:15:24,594 - Thread 4036 - INFO - Waiting for files in client-side/uploads/...
