2025-04-29 12:30:58,554 - Thread 547583470432 - INFO - Logging initialized
2025-04-29 12:30:58,613 - Thread 547583470432 - INFO - TLS 1.3 Handshake completed in 0.021949 seconds
2025-04-29 12:30:58,633 - Thread 547583470432 - INFO - Key Exchange Phase for Client 1 completed in 0.018656 seconds
2025-04-29 12:30:58,636 - Thread 547583470432 - INFO - Hybrid Key Generation Phase for Client 1 completed in 0.002539 seconds
2025-04-29 12:30:58,678 - Thread 547583470432 - INFO - Message Decryption for Client 1 completed in 0.001550 seconds
2025-04-29 12:30:58,692 - Thread 547583470432 - INFO - Hybrid Signing Verification for Client 1 completed in 0.013734 seconds
2025-04-29 12:30:58,693 - Thread 547583470432 - INFO - Message received from Server is b'Send File Header'
2025-04-29 12:30:58,693 - Thread 547583470432 - INFO - File Header Requested form Server
2025-04-29 12:30:58,693 - Thread 547583470432 - INFO - Waiting for files in /home/jetson/Documents/eac_osdk-master/eac-medium-voltage/build/bin/PhotoDump/...
2025-04-29 12:31:48,731 - Thread 547583470432 - INFO - New file detected: 1745919108-g2.png with size 4205754
2025-04-29 12:31:54,118 - Thread 547583470432 - INFO - Total Signing Time for Message: 2.347544 seconds
2025-04-29 12:31:54,118 - Thread 547583470432 - INFO - Total Encryption Time for Message: 0.671892 seconds
2025-04-29 12:31:54,119 - Thread 547583470432 - INFO - Total Sent Time for Message: 2.018906 seconds
2025-04-29 12:31:54,124 - Thread 547583470432 - INFO - File /home/jetson/Documents/eac_osdk-master/eac-medium-voltage/build/bin/PhotoDump/1745919108-g2.png sent and deleted.
2025-04-29 12:31:54,251 - Thread 547583470432 - INFO - Message Decryption for Client 1 completed in 0.000908 seconds
2025-04-29 12:31:54,253 - Thread 547583470432 - INFO - Hybrid Signing Verification for Client 1 completed in 0.001244 seconds
2025-04-29 12:31:54,253 - Thread 547583470432 - INFO - Message received from Server is b'Send File Header'
2025-04-29 12:31:54,255 - Thread 547583470432 - INFO - File Header Requested form Server
2025-04-29 12:31:54,258 - Thread 547583470432 - INFO - Waiting for files in /home/jetson/Documents/eac_osdk-master/eac-medium-voltage/build/bin/PhotoDump/...
2025-04-29 12:32:24,287 - Thread 547583470432 - INFO - New file detected: 1745919140-g3.png with size 4312033
2025-04-29 12:32:32,398 - Thread 547583470432 - INFO - Total Signing Time for Message: 2.567557 seconds
2025-04-29 12:32:32,398 - Thread 547583470432 - INFO - Total Encryption Time for Message: 0.655198 seconds
2025-04-29 12:32:32,399 - Thread 547583470432 - INFO - Total Sent Time for Message: 4.502998 seconds
2025-04-29 12:32:32,402 - Thread 547583470432 - INFO - File /home/jetson/Documents/eac_osdk-master/eac-medium-voltage/build/bin/PhotoDump/1745919140-g3.png sent and deleted.
2025-04-29 12:32:32,601 - Thread 547583470432 - INFO - Message Decryption for Client 1 completed in 0.000709 seconds
2025-04-29 12:32:32,603 - Thread 547583470432 - INFO - Hybrid Signing Verification for Client 1 completed in 0.001221 seconds
2025-04-29 12:32:32,603 - Thread 547583470432 - INFO - Message received from Server is b'Send File Header'
2025-04-29 12:32:32,604 - Thread 547583470432 - INFO - File Header Requested form Server
2025-04-29 12:32:32,604 - Thread 547583470432 - INFO - Waiting for files in /home/jetson/Documents/eac_osdk-master/eac-medium-voltage/build/bin/PhotoDump/...
2025-04-29 12:32:47,615 - Thread 547583470432 - INFO - New file detected: 1745919166-g4.png with size 4074831
2025-04-29 12:33:03,600 - Thread 547583470432 - INFO - Total Signing Time for Message: 2.580443 seconds
2025-04-29 12:33:03,601 - Thread 547583470432 - INFO - Total Encryption Time for Message: 0.799122 seconds
2025-04-29 12:33:03,601 - Thread 547583470432 - INFO - Total Sent Time for Message: 12.154918 seconds
2025-04-29 12:33:03,611 - Thread 547583470432 - INFO - File /home/jetson/Documents/eac_osdk-master/eac-medium-voltage/build/bin/PhotoDump/1745919166-g4.png sent and deleted.
2025-04-29 12:33:03,835 - Thread 547583470432 - INFO - Message Decryption for Client 1 completed in 0.000720 seconds
2025-04-29 12:33:03,837 - Thread 547583470432 - INFO - Hybrid Signing Verification for Client 1 completed in 0.001620 seconds
2025-04-29 12:33:03,837 - Thread 547583470432 - INFO - Message received from Server is b'Send File Header'
2025-04-29 12:33:03,840 - Thread 547583470432 - INFO - File Header Requested form Server
2025-04-29 12:33:03,840 - Thread 547583470432 - INFO - Waiting for files in /home/jetson/Documents/eac_osdk-master/eac-medium-voltage/build/bin/PhotoDump/...
2025-04-29 12:33:08,848 - Thread 547583470432 - INFO - New file detected: MainCamera_Flight_1745919095.avi with size 14947886
2025-04-29 12:33:32,511 - Thread 547583470432 - INFO - Total Signing Time for Message: 8.580909 seconds
2025-04-29 12:33:32,512 - Thread 547583470432 - INFO - Total Encryption Time for Message: 2.177652 seconds
2025-04-29 12:33:32,512 - Thread 547583470432 - INFO - Total Sent Time for Message: 11.694904 seconds
2025-04-29 12:33:32,520 - Thread 547583470432 - INFO - File /home/jetson/Documents/eac_osdk-master/eac-medium-voltage/build/bin/PhotoDump/MainCamera_Flight_1745919095.avi sent and deleted.
2025-04-29 12:33:32,706 - Thread 547583470432 - INFO - Message Decryption for Client 1 completed in 0.000870 seconds
2025-04-29 12:33:32,708 - Thread 547583470432 - INFO - Hybrid Signing Verification for Client 1 completed in 0.001163 seconds
2025-04-29 12:33:32,708 - Thread 547583470432 - INFO - Message received from Server is b'Send File Header'
2025-04-29 12:33:32,709 - Thread 547583470432 - INFO - File Header Requested form Server
2025-04-29 12:33:32,710 - Thread 547583470432 - INFO - Waiting for files in /home/jetson/Documents/eac_osdk-master/eac-medium-voltage/build/bin/PhotoDump/...
