2025-04-23 14:33:22,464 - Thread 547846527840 - INFO - Logging initialized
2025-04-23 14:33:22,509 - Thread 547846527840 - INFO - TLS 1.3 Handshake completed in 0.011689 seconds
2025-04-23 14:33:22,516 - Thread 547846527840 - INFO - Key Exchange Phase for Client 1 completed in 0.005462 seconds
2025-04-23 14:33:22,518 - Thread 547846527840 - INFO - Hybrid Key Generation Phase for Client 1 completed in 0.001852 seconds
2025-04-23 14:33:22,619 - Thread 547846527840 - INFO - Message Decryption for Client 1 completed in 0.001571 seconds
2025-04-23 14:33:22,635 - Thread 547846527840 - INFO - Hybrid Signing Verification for Client 1 completed in 0.015106 seconds
2025-04-23 14:33:22,635 - Thread 547846527840 - INFO - Message received from Server is b'Send File Header'
2025-04-23 14:33:22,636 - Thread 547846527840 - INFO - File Header Requested form Server
2025-04-23 14:33:22,636 - Thread 547846527840 - INFO - Waiting for files in /home/jetson/Documents/eac_osdk-master/eac-medium-voltage/build/bin/PhotoDump/...
2025-04-23 14:34:17,675 - Thread 547846527840 - INFO - New file detected: 1745408057-g2.png with size 3873259
2025-04-23 14:34:21,612 - Thread 547846527840 - INFO - Total Signing Time for Message: 2.183586 seconds
2025-04-23 14:34:21,613 - Thread 547846527840 - INFO - Total Encryption Time for Message: 0.507412 seconds
2025-04-23 14:34:21,618 - Thread 547846527840 - INFO - File /home/jetson/Documents/eac_osdk-master/eac-medium-voltage/build/bin/PhotoDump/1745408057-g2.png sent and deleted.
2025-04-23 14:34:21,624 - Thread 547846527840 - INFO - Message Decryption for Client 1 completed in 0.000576 seconds
2025-04-23 14:34:21,625 - Thread 547846527840 - INFO - Hybrid Signing Verification for Client 1 completed in 0.001086 seconds
2025-04-23 14:34:21,626 - Thread 547846527840 - INFO - Message received from Server is b'Send File Header'
2025-04-23 14:34:21,626 - Thread 547846527840 - INFO - File Header Requested form Server
2025-04-23 14:34:21,626 - Thread 547846527840 - INFO - Waiting for files in /home/jetson/Documents/eac_osdk-master/eac-medium-voltage/build/bin/PhotoDump/...
2025-04-23 14:34:51,652 - Thread 547846527840 - INFO - New file detected: 1745408088-g3.png with size 3800337
2025-04-23 14:34:54,980 - Thread 547846527840 - INFO - Total Signing Time for Message: 2.037326 seconds
2025-04-23 14:34:54,981 - Thread 547846527840 - INFO - Total Encryption Time for Message: 0.434172 seconds
2025-04-23 14:34:54,985 - Thread 547846527840 - INFO - File /home/jetson/Documents/eac_osdk-master/eac-medium-voltage/build/bin/PhotoDump/1745408088-g3.png sent and deleted.
2025-04-23 14:34:55,028 - Thread 547846527840 - INFO - Message Decryption for Client 1 completed in 0.000668 seconds
2025-04-23 14:34:55,031 - Thread 547846527840 - INFO - Hybrid Signing Verification for Client 1 completed in 0.001152 seconds
2025-04-23 14:34:55,033 - Thread 547846527840 - INFO - Message received from Server is b'Send File Header'
2025-04-23 14:34:55,034 - Thread 547846527840 - INFO - File Header Requested form Server
2025-04-23 14:34:55,034 - Thread 547846527840 - INFO - Waiting for files in /home/jetson/Documents/eac_osdk-master/eac-medium-voltage/build/bin/PhotoDump/...
2025-04-23 14:35:15,057 - Thread 547846527840 - INFO - New file detected: 1745408113-g4.png with size 3839782
2025-04-23 14:35:18,747 - Thread 547846527840 - INFO - Total Signing Time for Message: 2.119708 seconds
2025-04-23 14:35:18,747 - Thread 547846527840 - INFO - Total Encryption Time for Message: 0.530899 seconds
2025-04-23 14:35:18,753 - Thread 547846527840 - INFO - File /home/jetson/Documents/eac_osdk-master/eac-medium-voltage/build/bin/PhotoDump/1745408113-g4.png sent and deleted.
2025-04-23 14:35:18,773 - Thread 547846527840 - INFO - Message Decryption for Client 1 completed in 0.001793 seconds
2025-04-23 14:35:18,775 - Thread 547846527840 - INFO - Hybrid Signing Verification for Client 1 completed in 0.001142 seconds
2025-04-23 14:35:18,775 - Thread 547846527840 - INFO - Message received from Server is b'Send File Header'
2025-04-23 14:35:18,776 - Thread 547846527840 - INFO - File Header Requested form Server
2025-04-23 14:35:18,776 - Thread 547846527840 - INFO - Waiting for files in /home/jetson/Documents/eac_osdk-master/eac-medium-voltage/build/bin/PhotoDump/...
2025-04-23 14:36:03,813 - Thread 547846527840 - INFO - New file detected: MainCamera_Flight_1745408036.avi with size 29627950
